<?xml version="1.0" encoding="UTF-8"?>
<robot generator="Robot 4.0.3 (Python 3.10.4 on win32)" generated="20220515 11:53:50.005" rpa="false" schemaversion="2">
<suite id="s1" name="Video" source="C:\Users\r_m_c\OneDrive\Documentos\Repos\robot_yt\venv\TestSuite\video.robot">
<test id="s1-t1" name="Ver vidio">
<kw name="Open Browser" library="SeleniumLibrary">
<arg>https://www.youtube.com/channel/UCCcPDuAinGS54zqQt8Xbdzw</arg>
<arg>chrome</arg>
<doc>Opens a new browser instance to the optional ``url``.</doc>
<msg timestamp="20220515 11:53:51.771" level="INFO">Opening browser 'chrome' to base url 'https://www.youtube.com/channel/UCCcPDuAinGS54zqQt8Xbdzw'.</msg>
<status status="PASS" starttime="20220515 11:53:51.770" endtime="20220515 11:54:20.375"/>
</kw>
<kw name="Maximize Browser Window" library="SeleniumLibrary">
<doc>Maximizes current browser window.</doc>
<status status="PASS" starttime="20220515 11:54:20.376" endtime="20220515 11:54:20.843"/>
</kw>
<kw name="Wait Until Element Is Visible" library="SeleniumLibrary">
<arg>(//a[@id="thumbnail"])[2]</arg>
<doc>Waits until the element ``locator`` is visible.</doc>
<status status="PASS" starttime="20220515 11:54:20.844" endtime="20220515 11:54:20.940"/>
</kw>
<kw name="Click Element" library="SeleniumLibrary">
<arg>(//a[@id="thumbnail"])[2]</arg>
<doc>Click the element identified by ``locator``.</doc>
<msg timestamp="20220515 11:54:20.941" level="INFO">Clicking element '(//a[@id="thumbnail"])[2]'.</msg>
<status status="PASS" starttime="20220515 11:54:20.940" endtime="20220515 11:54:21.872"/>
</kw>
<status status="PASS" starttime="20220515 11:53:51.768" endtime="20220515 11:54:21.873"/>
</test>
<status status="PASS" starttime="20220515 11:53:50.011" endtime="20220515 11:54:21.876"/>
</suite>
<statistics>
<total>
<stat pass="1" fail="0" skip="0">All Tests</stat>
</total>
<tag>
</tag>
<suite>
<stat pass="1" fail="0" skip="0" id="s1" name="Video">Video</stat>
</suite>
</statistics>
<errors>
</errors>
</robot>
